<?xml version="1.0" encoding="UTF-8"?>
<testng-results skipped="0" failed="0" ignored="0" total="1" passed="1">
  <reporter-output>
  </reporter-output>
  <suite name="Default suite" duration-ms="37204" started-at="2021-02-18T18:16:33 IST" finished-at="2021-02-18T18:17:10 IST">
    <groups>
    </groups>
    <test name="Default test" duration-ms="37204" started-at="2021-02-18T18:16:33 IST" finished-at="2021-02-18T18:17:10 IST">
      <class name="scripts.Login_Logout_test">
        <test-method status="PASS" signature="OpenAppln()[pri:0, instance:scripts.Login_Logout_test@3b088d51]" name="OpenAppln" is-config="true" duration-ms="14116" started-at="2021-02-18T18:16:33 IST" finished-at="2021-02-18T18:16:47 IST">
          <reporter-output>
          </reporter-output>
        </test-method> <!-- OpenAppln -->
        <test-method status="PASS" signature="login_logout_test()[pri:0, instance:scripts.Login_Logout_test@3b088d51]" name="login_logout_test" duration-ms="18746" started-at="2021-02-18T18:16:47 IST" finished-at="2021-02-18T18:17:06 IST">
          <reporter-output>
          </reporter-output>
        </test-method> <!-- login_logout_test -->
        <test-method status="PASS" signature="closeAppln(org.testng.ITestResult)[pri:0, instance:scripts.Login_Logout_test@3b088d51]" name="closeAppln" is-config="true" duration-ms="4269" started-at="2021-02-18T18:17:06 IST" finished-at="2021-02-18T18:17:10 IST">
          <params>
            <param index="0">
              <value>
                <![CDATA[[TestResult name=login_logout_test status=SUCCESS method=Login_Logout_test.login_logout_test()[pri:0, instance:scripts.Login_Logout_test@3b088d51] output={null}]]]>
              </value>
            </param>
          </params>
          <reporter-output>
          </reporter-output>
        </test-method> <!-- closeAppln -->
      </class> <!-- scripts.Login_Logout_test -->
    </test> <!-- Default test -->
  </suite> <!-- Default suite -->
</testng-results>
